TN:
SF:/Users/ray/Documents/project/simple-dom-query/src/class.js
FN:10,addClass
FN:11,(anonymous_1)
FN:22,removeClass
FN:23,(anonymous_3)
FN:34,toggleClass
FN:35,(anonymous_5)
FN:50,hasClass
FN:58,isElemsHasClass
FN:60,(anonymous_8)
FN:73,isElemHasClass
FN:81,elemAddClass
FN:91,elemRemoveClass
FN:94,(anonymous_12)
FNF:13
FNH:13
FNDA:4,addClass
FNDA:8,(anonymous_1)
FNDA:2,removeClass
FNDA:4,(anonymous_3)
FNDA:2,toggleClass
FNDA:6,(anonymous_5)
FNDA:16,hasClass
FNDA:16,isElemsHasClass
FNDA:26,(anonymous_8)
FNDA:24,isElemHasClass
FNDA:11,elemAddClass
FNDA:7,elemRemoveClass
FNDA:10,(anonymous_12)
DA:11,4
DA:12,8
DA:14,4
DA:23,2
DA:24,4
DA:26,2
DA:35,2
DA:36,6
DA:37,3
DA:39,3
DA:42,2
DA:51,16
DA:59,16
DA:60,16
DA:61,26
DA:62,10
DA:65,16
DA:74,24
DA:82,11
DA:83,9
DA:92,7
DA:93,5
DA:94,10
DA:95,5
LF:24
LH:24
BRDA:36,0,0,3
BRDA:36,0,1,3
BRDA:61,1,0,10
BRDA:61,1,1,16
BRDA:82,2,0,9
BRDA:82,2,1,2
BRDA:92,3,0,5
BRDA:92,3,1,2
BRF:8
BRH:8
end_of_record
TN:
SF:/Users/ray/Documents/project/simple-dom-query/src/collection.js
FN:7,eq
FN:12,map
FN:20,filter
FN:30,clearCollection
FN:44,setCollection
FNF:5
FNH:5
FNDA:11,eq
FNDA:55,map
FNDA:3,filter
FNDA:60,clearCollection
FNDA:60,setCollection
DA:1,9
DA:8,11
DA:9,11
DA:13,55
DA:14,55
DA:21,3
DA:22,3
DA:23,3
DA:31,60
DA:32,60
DA:33,60
DA:34,60
DA:35,9
DA:36,9
DA:45,60
DA:46,60
DA:47,60
DA:48,60
DA:50,60
DA:51,128
LF:20
LH:20
BRDA:9,0,0,10
BRDA:9,0,1,1
BRF:2
BRH:2
end_of_record
TN:
SF:/Users/ray/Documents/project/simple-dom-query/src/helper.js
FN:6,(anonymous_0)
FN:6,(anonymous_1)
FN:13,(anonymous_2)
FN:13,(anonymous_3)
FN:15,(anonymous_4)
FNF:5
FNH:5
FNDA:16,(anonymous_0)
FNDA:10,(anonymous_1)
FNDA:16,(anonymous_2)
FNDA:6,(anonymous_3)
FNDA:100009,(anonymous_4)
DA:6,16
DA:13,16
DA:15,100009
DA:17,9
LF:4
LH:4
BRF:0
BRH:0
end_of_record
TN:
SF:/Users/ray/Documents/project/simple-dom-query/src/styles.js
FN:18,css
FN:32,(anonymous_1)
FN:41,(anonymous_2)
FN:54,setCorrectValue
FNF:4
FNH:4
FNDA:14,css
FNDA:3,(anonymous_1)
FNDA:9,(anonymous_2)
FNDA:15,setCorrectValue
DA:3,9
DA:6,9
DA:20,14
DA:22,13
DA:23,13
DA:25,9
DA:26,9
DA:27,9
DA:30,4
DA:32,1
DA:33,3
DA:34,6
DA:39,4
DA:41,3
DA:42,9
DA:45,4
DA:55,15
DA:56,15
DA:57,9
DA:59,6
LF:20
LH:20
BRDA:18,0,0,11
BRDA:20,1,0,1
BRDA:20,1,1,13
BRDA:23,2,0,9
BRDA:23,2,1,4
BRDA:23,3,0,13
BRDA:23,3,1,10
BRDA:30,4,0,1
BRDA:30,4,1,3
BRDA:30,5,0,4
BRDA:30,5,1,1
BRDA:39,6,0,3
BRDA:39,6,1,1
BRDA:56,7,0,9
BRDA:56,7,1,6
BRDA:56,8,0,15
BRDA:56,8,1,9
BRF:17
BRH:17
end_of_record
TN:
SF:/Users/ray/Documents/project/simple-dom-query/src/events.js
FN:13,on
FN:14,(anonymous_1)
FN:15,(anonymous_2)
FN:29,off
FN:32,(anonymous_4)
FN:53,once
FN:56,newCb
FN:68,trigger
FN:69,(anonymous_8)
FN:79,eventHandler
FN:81,(anonymous_10)
FN:93,addEventFn
FN:106,getEvents
FNF:13
FNH:13
FNDA:12,on
FNDA:25,(anonymous_1)
FNDA:16,(anonymous_2)
FNDA:6,off
FNDA:12,(anonymous_4)
FNDA:2,once
FNDA:2,newCb
FNDA:1,trigger
FNDA:2,(anonymous_8)
FNDA:16,eventHandler
FNDA:18,(anonymous_10)
FNDA:25,addEventFn
FNDA:28,getEvents
DA:14,12
DA:15,25
DA:16,16
DA:17,16
DA:19,25
DA:21,12
DA:30,6
DA:31,6
DA:32,6
DA:33,12
DA:34,12
DA:35,10
DA:36,4
DA:37,2
DA:40,10
DA:41,10
DA:44,6
DA:54,2
DA:55,2
DA:57,2
DA:58,2
DA:60,2
DA:69,2
DA:70,1
DA:80,16
DA:81,16
DA:82,18
DA:94,25
DA:95,25
DA:96,25
DA:107,28
LF:31
LH:31
BRDA:34,0,0,10
BRDA:34,0,1,2
BRDA:35,1,0,4
BRDA:35,1,1,6
BRDA:69,2,0,2
BRDA:69,2,1,2
BRDA:94,3,0,25
BRDA:94,3,1,16
BRDA:95,4,0,25
BRDA:95,4,1,16
BRDA:107,5,0,28
BRDA:107,5,1,28
BRDA:107,5,2,28
BRDA:107,5,3,28
BRF:14
BRH:14
end_of_record
TN:
SF:/Users/ray/Documents/project/simple-dom-query/src/nodes.js
FN:12,text
FN:21,html
FN:31,replaceNodes
FN:33,(anonymous_3)
FNF:4
FNH:4
FNDA:3,text
FNDA:4,html
FNDA:7,replaceNodes
FNDA:7,(anonymous_3)
DA:13,3
DA:22,4
DA:32,7
DA:33,7
DA:34,7
DA:35,2
DA:37,5
DA:41,7
LF:8
LH:8
BRDA:34,0,0,2
BRDA:34,0,1,5
BRDA:41,1,0,2
BRDA:41,1,1,5
BRF:4
BRH:4
end_of_record
TN:
SF:/Users/ray/Documents/project/simple-dom-query/src/query.js
FN:8,query
FNF:1
FNH:1
FNDA:69,query
DA:9,69
DA:10,1
DA:11,1
DA:12,1
DA:15,68
DA:16,12
DA:17,12
DA:18,12
DA:20,56
DA:21,56
DA:22,56
DA:23,56
LF:12
LH:12
BRDA:9,0,0,1
BRDA:9,0,1,68
BRDA:15,1,0,12
BRDA:15,1,1,56
BRF:4
BRH:4
end_of_record
TN:
SF:/Users/ray/Documents/project/simple-dom-query/src/index.js
FN:11,init
FN:37,simpleDomQuery
FNF:2
FNH:2
FNDA:69,init
FNDA:58,simpleDomQuery
DA:12,69
DA:15,9
DA:23,45
DA:24,153
DA:29,9
DA:31,9
DA:32,9
DA:33,9
DA:34,9
DA:35,9
DA:38,58
DA:40,9
DA:41,9
DA:43,9
LF:14
LH:14
BRDA:11,0,0,69
BRF:1
BRH:1
end_of_record
